2018-10-12 21:35:47,630 ERROR [errorlog] java.lang.ClassNotFoundException: com.eviware.soapui.plugins.auto.factories.AutoDiscoveryMethodFactory
java.lang.ClassNotFoundException: com.eviware.soapui.plugins.auto.factories.AutoDiscoveryMethodFactory
	at java.net.URLClassLoader.findClass(Unknown Source)
	at java.lang.ClassLoader.loadClass(Unknown Source)
	at sun.misc.Launcher$AppClassLoader.loadClass(Unknown Source)
	at java.lang.ClassLoader.loadClass(Unknown Source)
	at java.lang.Class.forName0(Native Method)
	at java.lang.Class.forName(Unknown Source)
	at com.eviware.soapui.plugins.LoaderBase.loadAutoFactories(LoaderBase.java:96)
	at com.eviware.soapui.plugins.LoaderBase.loadFactories(LoaderBase.java:64)
	at com.eviware.soapui.plugins.PluginLoader.loadPluginFactories(PluginLoader.java:129)
	at com.eviware.soapui.plugins.PluginLoader.loadPlugin(PluginLoader.java:92)
	at com.eviware.soapui.plugins.PluginLoader.loadPlugin(PluginLoader.java:42)
	at com.eviware.soapui.plugins.PluginManager.doInstallPlugin(PluginManager.java:136)
	at com.eviware.soapui.plugins.PluginManager.access$600(PluginManager.java:38)
	at com.eviware.soapui.plugins.PluginManager$LoadPluginsTask.computeSequentially(PluginManager.java:415)
	at com.eviware.soapui.plugins.PluginManager$LoadPluginsTask.compute(PluginManager.java:372)
	at com.eviware.soapui.plugins.PluginManager$LoadPluginsTask.compute(PluginManager.java:377)
	at com.eviware.soapui.plugins.PluginManager$LoadPluginsTask.compute(PluginManager.java:360)
	at java.util.concurrent.RecursiveTask.exec(Unknown Source)
	at java.util.concurrent.ForkJoinTask.doExec(Unknown Source)
	at java.util.concurrent.ForkJoinPool$WorkQueue.runTask(Unknown Source)
	at java.util.concurrent.ForkJoinPool.runWorker(Unknown Source)
	at java.util.concurrent.ForkJoinWorkerThread.run(Unknown Source)
2018-10-12 21:35:47,668 ERROR [errorlog] java.lang.ClassNotFoundException: com.eviware.soapui.plugins.auto.factories.AutoImportMethodFactory
java.lang.ClassNotFoundException: com.eviware.soapui.plugins.auto.factories.AutoImportMethodFactory
	at java.net.URLClassLoader.findClass(Unknown Source)
	at java.lang.ClassLoader.loadClass(Unknown Source)
	at sun.misc.Launcher$AppClassLoader.loadClass(Unknown Source)
	at java.lang.ClassLoader.loadClass(Unknown Source)
	at java.lang.Class.forName0(Native Method)
	at java.lang.Class.forName(Unknown Source)
	at com.eviware.soapui.plugins.LoaderBase.loadAutoFactories(LoaderBase.java:96)
	at com.eviware.soapui.plugins.LoaderBase.loadFactories(LoaderBase.java:64)
	at com.eviware.soapui.plugins.PluginLoader.loadPluginFactories(PluginLoader.java:129)
	at com.eviware.soapui.plugins.PluginLoader.loadPlugin(PluginLoader.java:92)
	at com.eviware.soapui.plugins.PluginLoader.loadPlugin(PluginLoader.java:42)
	at com.eviware.soapui.plugins.PluginManager.doInstallPlugin(PluginManager.java:136)
	at com.eviware.soapui.plugins.PluginManager.access$600(PluginManager.java:38)
	at com.eviware.soapui.plugins.PluginManager$LoadPluginsTask.computeSequentially(PluginManager.java:415)
	at com.eviware.soapui.plugins.PluginManager$LoadPluginsTask.compute(PluginManager.java:372)
	at com.eviware.soapui.plugins.PluginManager$LoadPluginsTask.compute(PluginManager.java:377)
	at com.eviware.soapui.plugins.PluginManager$LoadPluginsTask.compute(PluginManager.java:360)
	at java.util.concurrent.RecursiveTask.exec(Unknown Source)
	at java.util.concurrent.ForkJoinTask.doExec(Unknown Source)
	at java.util.concurrent.ForkJoinPool$WorkQueue.runTask(Unknown Source)
	at java.util.concurrent.ForkJoinPool.runWorker(Unknown Source)
	at java.util.concurrent.ForkJoinWorkerThread.run(Unknown Source)
2018-10-12 21:35:48,873 ERROR [errorlog] java.lang.ClassNotFoundException: com.eviware.soapui.plugins.auto.factories.AutoDiscoveryMethodFactory
java.lang.ClassNotFoundException: com.eviware.soapui.plugins.auto.factories.AutoDiscoveryMethodFactory
	at java.net.URLClassLoader.findClass(Unknown Source)
	at java.lang.ClassLoader.loadClass(Unknown Source)
	at sun.misc.Launcher$AppClassLoader.loadClass(Unknown Source)
	at java.lang.ClassLoader.loadClass(Unknown Source)
	at java.lang.Class.forName0(Native Method)
	at java.lang.Class.forName(Unknown Source)
	at com.eviware.soapui.plugins.LoaderBase.loadAutoFactories(LoaderBase.java:96)
	at com.eviware.soapui.plugins.LoaderBase.loadFactories(LoaderBase.java:64)
	at com.eviware.soapui.plugins.PluginLoader.loadPluginFactories(PluginLoader.java:129)
	at com.eviware.soapui.plugins.PluginLoader.loadPlugin(PluginLoader.java:92)
	at com.eviware.soapui.plugins.PluginLoader.loadPlugin(PluginLoader.java:42)
	at com.eviware.soapui.plugins.PluginManager.doInstallPlugin(PluginManager.java:136)
	at com.eviware.soapui.plugins.PluginManager.access$600(PluginManager.java:38)
	at com.eviware.soapui.plugins.PluginManager$LoadPluginsTask.computeSequentially(PluginManager.java:415)
	at com.eviware.soapui.plugins.PluginManager$LoadPluginsTask.compute(PluginManager.java:372)
	at com.eviware.soapui.plugins.PluginManager$LoadPluginsTask.compute(PluginManager.java:377)
	at com.eviware.soapui.plugins.PluginManager$LoadPluginsTask.compute(PluginManager.java:360)
	at java.util.concurrent.RecursiveTask.exec(Unknown Source)
	at java.util.concurrent.ForkJoinTask.doExec(Unknown Source)
	at java.util.concurrent.ForkJoinPool$WorkQueue.runTask(Unknown Source)
	at java.util.concurrent.ForkJoinPool.runWorker(Unknown Source)
	at java.util.concurrent.ForkJoinWorkerThread.run(Unknown Source)
2018-10-12 21:35:48,878 ERROR [errorlog] java.lang.ClassNotFoundException: com.eviware.soapui.plugins.auto.factories.AutoImportMethodFactory
java.lang.ClassNotFoundException: com.eviware.soapui.plugins.auto.factories.AutoImportMethodFactory
	at java.net.URLClassLoader.findClass(Unknown Source)
	at java.lang.ClassLoader.loadClass(Unknown Source)
	at sun.misc.Launcher$AppClassLoader.loadClass(Unknown Source)
	at java.lang.ClassLoader.loadClass(Unknown Source)
	at java.lang.Class.forName0(Native Method)
	at java.lang.Class.forName(Unknown Source)
	at com.eviware.soapui.plugins.LoaderBase.loadAutoFactories(LoaderBase.java:96)
	at com.eviware.soapui.plugins.LoaderBase.loadFactories(LoaderBase.java:64)
	at com.eviware.soapui.plugins.PluginLoader.loadPluginFactories(PluginLoader.java:129)
	at com.eviware.soapui.plugins.PluginLoader.loadPlugin(PluginLoader.java:92)
	at com.eviware.soapui.plugins.PluginLoader.loadPlugin(PluginLoader.java:42)
	at com.eviware.soapui.plugins.PluginManager.doInstallPlugin(PluginManager.java:136)
	at com.eviware.soapui.plugins.PluginManager.access$600(PluginManager.java:38)
	at com.eviware.soapui.plugins.PluginManager$LoadPluginsTask.computeSequentially(PluginManager.java:415)
	at com.eviware.soapui.plugins.PluginManager$LoadPluginsTask.compute(PluginManager.java:372)
	at com.eviware.soapui.plugins.PluginManager$LoadPluginsTask.compute(PluginManager.java:377)
	at com.eviware.soapui.plugins.PluginManager$LoadPluginsTask.compute(PluginManager.java:360)
	at java.util.concurrent.RecursiveTask.exec(Unknown Source)
	at java.util.concurrent.ForkJoinTask.doExec(Unknown Source)
	at java.util.concurrent.ForkJoinPool$WorkQueue.runTask(Unknown Source)
	at java.util.concurrent.ForkJoinPool.runWorker(Unknown Source)
	at java.util.concurrent.ForkJoinWorkerThread.run(Unknown Source)
2018-10-12 21:35:49,578 ERROR [errorlog] java.lang.ClassNotFoundException: com.eviware.soapui.plugins.auto.factories.AutoDiscoveryMethodFactory
java.lang.ClassNotFoundException: com.eviware.soapui.plugins.auto.factories.AutoDiscoveryMethodFactory
	at java.net.URLClassLoader.findClass(Unknown Source)
	at java.lang.ClassLoader.loadClass(Unknown Source)
	at sun.misc.Launcher$AppClassLoader.loadClass(Unknown Source)
	at java.lang.ClassLoader.loadClass(Unknown Source)
	at java.lang.Class.forName0(Native Method)
	at java.lang.Class.forName(Unknown Source)
	at com.eviware.soapui.plugins.LoaderBase.loadAutoFactories(LoaderBase.java:96)
	at com.eviware.soapui.plugins.LoaderBase.loadFactories(LoaderBase.java:64)
	at com.eviware.soapui.plugins.PluginLoader.loadPluginFactories(PluginLoader.java:129)
	at com.eviware.soapui.plugins.PluginLoader.loadPlugin(PluginLoader.java:92)
	at com.eviware.soapui.plugins.PluginLoader.loadPlugin(PluginLoader.java:42)
	at com.eviware.soapui.plugins.PluginManager.doInstallPlugin(PluginManager.java:136)
	at com.eviware.soapui.plugins.PluginManager.access$600(PluginManager.java:38)
	at com.eviware.soapui.plugins.PluginManager$LoadPluginsTask.computeSequentially(PluginManager.java:415)
	at com.eviware.soapui.plugins.PluginManager$LoadPluginsTask.compute(PluginManager.java:372)
	at com.eviware.soapui.plugins.PluginManager$LoadPluginsTask.compute(PluginManager.java:360)
	at java.util.concurrent.RecursiveTask.exec(Unknown Source)
	at java.util.concurrent.ForkJoinTask.doExec(Unknown Source)
	at java.util.concurrent.ForkJoinPool$WorkQueue.runTask(Unknown Source)
	at java.util.concurrent.ForkJoinPool.runWorker(Unknown Source)
	at java.util.concurrent.ForkJoinWorkerThread.run(Unknown Source)
2018-10-12 21:35:49,585 ERROR [errorlog] java.lang.ClassNotFoundException: com.eviware.soapui.plugins.auto.factories.AutoImportMethodFactory
java.lang.ClassNotFoundException: com.eviware.soapui.plugins.auto.factories.AutoImportMethodFactory
	at java.net.URLClassLoader.findClass(Unknown Source)
	at java.lang.ClassLoader.loadClass(Unknown Source)
	at sun.misc.Launcher$AppClassLoader.loadClass(Unknown Source)
	at java.lang.ClassLoader.loadClass(Unknown Source)
	at java.lang.Class.forName0(Native Method)
	at java.lang.Class.forName(Unknown Source)
	at com.eviware.soapui.plugins.LoaderBase.loadAutoFactories(LoaderBase.java:96)
	at com.eviware.soapui.plugins.LoaderBase.loadFactories(LoaderBase.java:64)
	at com.eviware.soapui.plugins.PluginLoader.loadPluginFactories(PluginLoader.java:129)
	at com.eviware.soapui.plugins.PluginLoader.loadPlugin(PluginLoader.java:92)
	at com.eviware.soapui.plugins.PluginLoader.loadPlugin(PluginLoader.java:42)
	at com.eviware.soapui.plugins.PluginManager.doInstallPlugin(PluginManager.java:136)
	at com.eviware.soapui.plugins.PluginManager.access$600(PluginManager.java:38)
	at com.eviware.soapui.plugins.PluginManager$LoadPluginsTask.computeSequentially(PluginManager.java:415)
	at com.eviware.soapui.plugins.PluginManager$LoadPluginsTask.compute(PluginManager.java:372)
	at com.eviware.soapui.plugins.PluginManager$LoadPluginsTask.compute(PluginManager.java:360)
	at java.util.concurrent.RecursiveTask.exec(Unknown Source)
	at java.util.concurrent.ForkJoinTask.doExec(Unknown Source)
	at java.util.concurrent.ForkJoinPool$WorkQueue.runTask(Unknown Source)
	at java.util.concurrent.ForkJoinPool.runWorker(Unknown Source)
	at java.util.concurrent.ForkJoinWorkerThread.run(Unknown Source)
2018-10-12 21:35:49,830 ERROR [errorlog] java.lang.ClassNotFoundException: com.eviware.soapui.plugins.auto.factories.AutoDiscoveryMethodFactory
java.lang.ClassNotFoundException: com.eviware.soapui.plugins.auto.factories.AutoDiscoveryMethodFactory
	at java.net.URLClassLoader.findClass(Unknown Source)
	at java.lang.ClassLoader.loadClass(Unknown Source)
	at sun.misc.Launcher$AppClassLoader.loadClass(Unknown Source)
	at java.lang.ClassLoader.loadClass(Unknown Source)
	at java.lang.Class.forName0(Native Method)
	at java.lang.Class.forName(Unknown Source)
	at com.eviware.soapui.plugins.LoaderBase.loadAutoFactories(LoaderBase.java:96)
	at com.eviware.soapui.plugins.LoaderBase.loadFactories(LoaderBase.java:64)
	at com.eviware.soapui.plugins.PluginLoader.loadPluginFactories(PluginLoader.java:129)
	at com.eviware.soapui.plugins.PluginLoader.loadPlugin(PluginLoader.java:92)
	at com.eviware.soapui.plugins.PluginLoader.loadPlugin(PluginLoader.java:42)
	at com.eviware.soapui.plugins.PluginManager.doInstallPlugin(PluginManager.java:136)
	at com.eviware.soapui.plugins.PluginManager.access$600(PluginManager.java:38)
	at com.eviware.soapui.plugins.PluginManager$LoadPluginsTask.computeSequentially(PluginManager.java:415)
	at com.eviware.soapui.plugins.PluginManager$LoadPluginsTask.compute(PluginManager.java:372)
	at com.eviware.soapui.plugins.PluginManager$LoadPluginsTask.compute(PluginManager.java:377)
	at com.eviware.soapui.plugins.PluginManager$LoadPluginsTask.compute(PluginManager.java:360)
	at java.util.concurrent.RecursiveTask.exec(Unknown Source)
	at java.util.concurrent.ForkJoinTask.doExec(Unknown Source)
	at java.util.concurrent.ForkJoinPool$WorkQueue.runTask(Unknown Source)
	at java.util.concurrent.ForkJoinPool.runWorker(Unknown Source)
	at java.util.concurrent.ForkJoinWorkerThread.run(Unknown Source)
2018-10-12 21:35:49,831 ERROR [errorlog] java.lang.ClassNotFoundException: com.eviware.soapui.plugins.auto.factories.AutoImportMethodFactory
java.lang.ClassNotFoundException: com.eviware.soapui.plugins.auto.factories.AutoImportMethodFactory
	at java.net.URLClassLoader.findClass(Unknown Source)
	at java.lang.ClassLoader.loadClass(Unknown Source)
	at sun.misc.Launcher$AppClassLoader.loadClass(Unknown Source)
	at java.lang.ClassLoader.loadClass(Unknown Source)
	at java.lang.Class.forName0(Native Method)
	at java.lang.Class.forName(Unknown Source)
	at com.eviware.soapui.plugins.LoaderBase.loadAutoFactories(LoaderBase.java:96)
	at com.eviware.soapui.plugins.LoaderBase.loadFactories(LoaderBase.java:64)
	at com.eviware.soapui.plugins.PluginLoader.loadPluginFactories(PluginLoader.java:129)
	at com.eviware.soapui.plugins.PluginLoader.loadPlugin(PluginLoader.java:92)
	at com.eviware.soapui.plugins.PluginLoader.loadPlugin(PluginLoader.java:42)
	at com.eviware.soapui.plugins.PluginManager.doInstallPlugin(PluginManager.java:136)
	at com.eviware.soapui.plugins.PluginManager.access$600(PluginManager.java:38)
	at com.eviware.soapui.plugins.PluginManager$LoadPluginsTask.computeSequentially(PluginManager.java:415)
	at com.eviware.soapui.plugins.PluginManager$LoadPluginsTask.compute(PluginManager.java:372)
	at com.eviware.soapui.plugins.PluginManager$LoadPluginsTask.compute(PluginManager.java:377)
	at com.eviware.soapui.plugins.PluginManager$LoadPluginsTask.compute(PluginManager.java:360)
	at java.util.concurrent.RecursiveTask.exec(Unknown Source)
	at java.util.concurrent.ForkJoinTask.doExec(Unknown Source)
	at java.util.concurrent.ForkJoinPool$WorkQueue.runTask(Unknown Source)
	at java.util.concurrent.ForkJoinPool.runWorker(Unknown Source)
	at java.util.concurrent.ForkJoinWorkerThread.run(Unknown Source)
2018-10-12 21:35:50,853 ERROR [errorlog] java.net.MalformedURLException: unknown protocol: documents
java.net.MalformedURLException: unknown protocol: documents
	at java.net.URL.<init>(Unknown Source)
	at java.net.URL.<init>(Unknown Source)
	at java.net.URL.<init>(Unknown Source)
	at com.eviware.soapui.impl.wsdl.WsdlProject.<init>(WsdlProject.java:234)
	at com.eviware.soapui.impl.wsdl.WsdlProject.<init>(WsdlProject.java:201)
	at com.eviware.soapui.impl.wsdl.WsdlProject.<init>(WsdlProject.java:189)
	at pkg1.TC1.main(TC1.java:18)
